Exporter version: 5.6.4, Blender version: 2.78 (sub 0)
========= Conversion from Blender to Babylon.js =========
	Scene settings used :
		export scope        :  ALL
		inline textures     :  false
		Positions Precision :  4
		Normals Precision   :  3
		UVs Precision       :  3
		Vert Color Precision:  3
		Mat Weight Precision:  2
		texture directory   :  T:\TP MMI2\PHP\i171578\xampp-portable-win32-5.6.30-0-VC11\htdocs\PTUTs3_4\assets\modeles\
	Python World class constructor completed
	processing begun of mesh:  Cone
		processing begun of Standard material:  Material.001
		num positions      :  210
		num normals        :  210
		num uvs            :  0
		num uvs2           :  0
		num colors         :  0
		num indices        :  1248
		WARNING: # of 0 area faces found:  34
	processing begun of camera (UniversalCamera):  Camera
	processing begun of light (POINT):  Lamp
========= Writing of scene file started =========
========= Writing of scene file completed =========
========= end of processing =========
elapsed time:  0 min, 0.0375 secs
