Exporter version: 5.6.4, Blender version: 2.78 (sub 0)
========= Conversion from Blender to Babylon.js =========
	Scene settings used :
		export scope        :  ALL
		inline textures     :  false
		Positions Precision :  4
		Normals Precision   :  3
		UVs Precision       :  3
		Vert Color Precision:  3
		Mat Weight Precision:  2
		texture directory   :  T:\TP MMI2\PHP\i171578\xampp-portable-win32-5.6.30-0-VC11\htdocs\PTUTs3_4\assets\modeles\
	Python World class constructor completed
	WARNING: No active camera has been assigned, or is not in a currently selected Blender layer
	processing begun of mesh:  Sphere
		processing begun of Standard material:  Material.001
		num positions      :  547
		num normals        :  547
		num uvs            :  0
		num uvs2           :  0
		num colors         :  0
		num indices        :  3258
========= Writing of scene file started =========
========= Writing of scene file completed =========
========= end of processing =========
elapsed time:  0 min, 0.0717 secs
